#
# A fatal error has been detected by the Java Runtime Environment:
#
#  EXCEPTION_ACCESS_VIOLATION (0xc0000005) at pc=0x00007ff9c368ea60, pid=11184, tid=13468
#
# JRE version: OpenJDK Runtime Environment (17.0.1+12) (build 17.0.1+12-39)
# Java VM: OpenJDK 64-Bit Server VM (17.0.1+12-39, mixed mode, sharing, tiered, compressed oops, compressed class ptrs, g1 gc, windows-amd64)
# Problematic frame:
# C  0x00007ff9c368ea60
#
# No core dump will be written. Minidumps are not enabled by default on client versions of Windows
#
# If you would like to submit a bug report, please visit:
#   https://bugreport.java.com/bugreport/crash.jsp
#

---------------  S U M M A R Y ------------

Command Line: -javaagent:C:\Program Files\JetBrains\IntelliJ IDEA Community Edition 2021.2.3\lib\idea_rt.jar=49436:C:\Program Files\JetBrains\IntelliJ IDEA Community Edition 2021.2.3\bin -Dfile.encoding=UTF-8 --module-path=C:\Users\kirol\SnakeBytes\target\classes;C:\Users\kirol\.m2\repository\org\jetbrains\annotations\22.0.0\annotations-22.0.0.jar;C:\Users\kirol\.m2\repository\com\googlecode\json-simple\json-simple\1.1.1\json-simple-1.1.1.jar;C:\Users\kirol\.m2\repository\org\openjfx\javafx-controls\17.0.0.1\javafx-controls-17.0.0.1-win.jar;C:\Users\kirol\.m2\repository\org\openjfx\javafx-fxml\17.0.0.1\javafx-fxml-17.0.0.1-win.jar;C:\Users\kirol\.m2\repository\org\openjfx\javafx-media\17.0.0.1\javafx-media-17.0.0.1-win.jar;C:\Users\kirol\.m2\repository\org\openjfx\javafx-graphics\17.0.0.1\javafx-graphics-17.0.0.1-win.jar;C:\Users\kirol\.m2\repository\org\controlsfx\controlsfx\11.1.0\controlsfx-11.1.0.jar;C:\Users\kirol\.m2\repository\org\openjfx\javafx-base\17.0.0.1\javafx-base-17.0.0.1-win.jar -Djdk.module.main=de.dhbwmannheim.snakebytes de.dhbwmannheim.snakebytes/de.dhbwmannheim.snakebytes.GUI.Menus

Host: AMD Ryzen 5 3600X 6-Core Processor             , 12 cores, 31G,  Windows 10 , 64 bit Build 19041 (10.0.19041.1348)
Time: Sat Dec 11 14:13:37 2021 Mitteleuropäische Zeit elapsed time: 152.115945 seconds (0d 0h 2m 32s)

---------------  T H R E A D  ---------------

Current thread (0x000002bb7be30bf0):  JavaThread "C2 CompilerThread0" daemon [_thread_in_native, id=13468, stack(0x000000ff76800000,0x000000ff76900000)]


Current CompileTask:
C2: 152115 2977       4       java.util.WeakHashMap::entrySet (27 bytes)

Stack: [0x000000ff76800000,0x000000ff76900000],  sp=0x000000ff768fb668,  free space=1005k
Native frames: (J=compiled Java code, j=interpreted, Vv=VM code, C=native code)
C  0x00007ff9c368ea60


siginfo: EXCEPTION_ACCESS_VIOLATION (0xc0000005), data execution prevention violation at address 0x00007ff9c368ea60


Register to memory mapping:

RIP=0x00007ff9c368ea60 is an unknown value
RAX=0xffffffffffffffff is an unknown value
RBX=0x0000000000000002 is an unknown value
RCX=0x000002bb7c9fddb8 points into unknown readable memory: 0x0000000005555455 | 55 54 55 05 00 00 00 00
RDX=0x0 is NULL
RSP=0x000000ff768fb668 is pointing into the stack for thread: 0x000002bb7be30bf0
RBP=0x0 is NULL
RSI=0x000000ff768fb7f0 is pointing into the stack for thread: 0x000002bb7be30bf0
RDI=0x000002bb7c9fdd80 points into unknown readable memory: 0x0000000000000000 | 00 00 00 00 00 00 00 00
R8 =0x0000000005555455 is an unknown value
R9 =0x0000000000000001 is an unknown value
R10=0x0 is NULL
R11=0x000002bb7c9fb180 points into unknown readable memory: 0x0000000000000000 | 00 00 00 00 00 00 00 00
R12=0x0000000000000001 is an unknown value
R13=0x0000000000000008 is an unknown value
R14=0x000002bb7df0f318 points into unknown readable memory: 0x00007ff9c304c3a0 | a0 c3 04 c3 f9 7f 00 00
R15=0x00007ff9c324e2a0 jvm.dll


Registers:
RAX=0xffffffffffffffff, RBX=0x0000000000000002, RCX=0x000002bb7c9fddb8, RDX=0x0000000000000000
RSP=0x000000ff768fb668, RBP=0x0000000000000000, RSI=0x000000ff768fb7f0, RDI=0x000002bb7c9fdd80
R8 =0x0000000005555455, R9 =0x0000000000000001, R10=0x0000000000000000, R11=0x000002bb7c9fb180
R12=0x0000000000000001, R13=0x0000000000000008, R14=0x000002bb7df0f318, R15=0x00007ff9c324e2a0
RIP=0x00007ff9c368ea60, EFLAGS=0x0000000000010202

Top of Stack: (sp=0x000000ff768fb668)
0x000000ff768fb668:   00007ff9c298c2d0 0000000000000002
0x000000ff768fb678:   000002bb7df0f318 0000000000000040
0x000000ff768fb688:   000002bb7c82c710 0000000100000008
0x000000ff768fb698:   00007ff900000002 000002bb7c82c710
0x000000ff768fb6a8:   000000ff768fb758 0000000000000000
0x000000ff768fb6b8:   0000000000000000 00000000000086c0
0x000000ff768fb6c8:   000002bb7da90bd0 0000000000000000
0x000000ff768fb6d8:   000002bb7da90be0 00000000000003d8
0x000000ff768fb6e8:   000000ff768fb810 000000ff768fbbe0
0x000000ff768fb6f8:   000002bb7da90fb8 00000000000000c5
0x000000ff768fb708:   00007ff9c2af9f72 000000ff768fb7f0
0x000000ff768fb718:   000000ff768fb800 000002bb7da90f01
0x000000ff768fb728:   000002bbffffffff 000002bb3fffff01
0x000000ff768fb738:   000002bb7cc05158 0000000000000000
0x000000ff768fb748:   000002bb7cc04f98 00007ff9c27d0000
0x000000ff768fb758:   00007ff900000006 000002bb7da90bd0 

Instructions: (pc=0x00007ff9c368ea60)
0x00007ff9c368e960:   ?? ?? ?? ?? ?? ?? ?? ?? ?? ?? ?? ?? ?? ?? ?? ??
0x00007ff9c368e970:   ?? ?? ?? ?? ?? ?? ?? ?? ?? ?? ?? ?? ?? ?? ?? ??
0x00007ff9c368e980:   ?? ?? ?? ?? ?? ?? ?? ?? ?? ?? ?? ?? ?? ?? ?? ??
0x00007ff9c368e990:   ?? ?? ?? ?? ?? ?? ?? ?? ?? ?? ?? ?? ?? ?? ?? ??
0x00007ff9c368e9a0:   ?? ?? ?? ?? ?? ?? ?? ?? ?? ?? ?? ?? ?? ?? ?? ??
0x00007ff9c368e9b0:   ?? ?? ?? ?? ?? ?? ?? ?? ?? ?? ?? ?? ?? ?? ?? ??
0x00007ff9c368e9c0:   ?? ?? ?? ?? ?? ?? ?? ?? ?? ?? ?? ?? ?? ?? ?? ??
0x00007ff9c368e9d0:   ?? ?? ?? ?? ?? ?? ?? ?? ?? ?? ?? ?? ?? ?? ?? ??
0x00007ff9c368e9e0:   ?? ?? ?? ?? ?? ?? ?? ?? ?? ?? ?? ?? ?? ?? ?? ??
0x00007ff9c368e9f0:   ?? ?? ?? ?? ?? ?? ?? ?? ?? ?? ?? ?? ?? ?? ?? ??
0x00007ff9c368ea00:   ?? ?? ?? ?? ?? ?? ?? ?? ?? ?? ?? ?? ?? ?? ?? ??
0x00007ff9c368ea10:   ?? ?? ?? ?? ?? ?? ?? ?? ?? ?? ?? ?? ?? ?? ?? ??
0x00007ff9c368ea20:   ?? ?? ?? ?? ?? ?? ?? ?? ?? ?? ?? ?? ?? ?? ?? ??
0x00007ff9c368ea30:   ?? ?? ?? ?? ?? ?? ?? ?? ?? ?? ?? ?? ?? ?? ?? ??
0x00007ff9c368ea40:   ?? ?? ?? ?? ?? ?? ?? ?? ?? ?? ?? ?? ?? ?? ?? ??
0x00007ff9c368ea50:   ?? ?? ?? ?? ?? ?? ?? ?? ?? ?? ?? ?? ?? ?? ?? ??
0x00007ff9c368ea60:   ?? ?? ?? ?? ?? ?? ?? ?? ?? ?? ?? ?? ?? ?? ?? ??
0x00007ff9c368ea70:   ?? ?? ?? ?? ?? ?? ?? ?? ?? ?? ?? ?? ?? ?? ?? ??
0x00007ff9c368ea80:   ?? ?? ?? ?? ?? ?? ?? ?? ?? ?? ?? ?? ?? ?? ?? ??
0x00007ff9c368ea90:   ?? ?? ?? ?? ?? ?? ?? ?? ?? ?? ?? ?? ?? ?? ?? ??
0x00007ff9c368eaa0:   ?? ?? ?? ?? ?? ?? ?? ?? ?? ?? ?? ?? ?? ?? ?? ??
0x00007ff9c368eab0:   ?? ?? ?? ?? ?? ?? ?? ?? ?? ?? ?? ?? ?? ?? ?? ??
0x00007ff9c368eac0:   ?? ?? ?? ?? ?? ?? ?? ?? ?? ?? ?? ?? ?? ?? ?? ??
0x00007ff9c368ead0:   ?? ?? ?? ?? ?? ?? ?? ?? ?? ?? ?? ?? ?? ?? ?? ??
0x00007ff9c368eae0:   ?? ?? ?? ?? ?? ?? ?? ?? ?? ?? ?? ?? ?? ?? ?? ??
0x00007ff9c368eaf0:   ?? ?? ?? ?? ?? ?? ?? ?? ?? ?? ?? ?? ?? ?? ?? ??
0x00007ff9c368eb00:   ?? ?? ?? ?? ?? ?? ?? ?? ?? ?? ?? ?? ?? ?? ?? ??
0x00007ff9c368eb10:   ?? ?? ?? ?? ?? ?? ?? ?? ?? ?? ?? ?? ?? ?? ?? ??
0x00007ff9c368eb20:   ?? ?? ?? ?? ?? ?? ?? ?? ?? ?? ?? ?? ?? ?? ?? ??
0x00007ff9c368eb30:   ?? ?? ?? ?? ?? ?? ?? ?? ?? ?? ?? ?? ?? ?? ?? ??
0x00007ff9c368eb40:   ?? ?? ?? ?? ?? ?? ?? ?? ?? ?? ?? ?? ?? ?? ?? ??
0x00007ff9c368eb50:   ?? ?? ?? ?? ?? ?? ?? ?? ?? ?? ?? ?? ?? ?? ?? ?? 


Stack slot to memory mapping:
stack at sp + 0 slots: 0x00007ff9c298c2d0 jvm.dll
stack at sp + 1 slots: 0x0000000000000002 is an unknown value
stack at sp + 2 slots: 0x000002bb7df0f318 points into unknown readable memory: 0x00007ff9c304c3a0 | a0 c3 04 c3 f9 7f 00 00
stack at sp + 3 slots: 0x0000000000000040 is an unknown value
stack at sp + 4 slots: 0x000002bb7c82c710 points into unknown readable memory: 0x00007ff9c30857f0 | f0 57 08 c3 f9 7f 00 00
stack at sp + 5 slots: 0x0000000100000008 is an unknown value
stack at sp + 6 slots: 0x00007ff900000002 is an unknown value
stack at sp + 7 slots: 0x000002bb7c82c710 points into unknown readable memory: 0x00007ff9c30857f0 | f0 57 08 c3 f9 7f 00 00


---------------  P R O C E S S  ---------------

Threads class SMR info:
_java_thread_list=0x000002bb7cd00fd0, length=23, elements={
0x000002bb554dd440, 0x000002bb7be140f0, 0x000002bb7be15f70, 0x000002bb7be28ad0,
0x000002bb7be2a690, 0x000002bb7be2d150, 0x000002bb7be2db00, 0x000002bb7be30bf0,
0x000002bb7c808950, 0x000002bb7c809070, 0x000002bb7c8d2550, 0x000002bb7ce15d10,
0x000002bb7cd8c990, 0x000002bb7cc60a30, 0x000002bb7d3b10a0, 0x000002bb7d3bb7f0,
0x000002bb7d8465d0, 0x000002bb7da26950, 0x000002bb7da7f9f0, 0x000002bb7dce9580,
0x000002bb7dce8be0, 0x000002bb7dce7d70, 0x000002bb7dce73d0
}

Java Threads: ( => current thread )
  0x000002bb554dd440 JavaThread "main" [_thread_blocked, id=5964, stack(0x000000ff75b00000,0x000000ff75c00000)]
  0x000002bb7be140f0 JavaThread "Reference Handler" daemon [_thread_blocked, id=2220, stack(0x000000ff76200000,0x000000ff76300000)]
  0x000002bb7be15f70 JavaThread "Finalizer" daemon [_thread_blocked, id=6136, stack(0x000000ff76300000,0x000000ff76400000)]
  0x000002bb7be28ad0 JavaThread "Signal Dispatcher" daemon [_thread_blocked, id=1624, stack(0x000000ff76400000,0x000000ff76500000)]
  0x000002bb7be2a690 JavaThread "Attach Listener" daemon [_thread_blocked, id=20684, stack(0x000000ff76500000,0x000000ff76600000)]
  0x000002bb7be2d150 JavaThread "Service Thread" daemon [_thread_blocked, id=17292, stack(0x000000ff76600000,0x000000ff76700000)]
  0x000002bb7be2db00 JavaThread "Monitor Deflation Thread" daemon [_thread_blocked, id=1888, stack(0x000000ff76700000,0x000000ff76800000)]
=>0x000002bb7be30bf0 JavaThread "C2 CompilerThread0" daemon [_thread_in_native, id=13468, stack(0x000000ff76800000,0x000000ff76900000)]
  0x000002bb7c808950 JavaThread "C1 CompilerThread0" daemon [_thread_blocked, id=6028, stack(0x000000ff76900000,0x000000ff76a00000)]
  0x000002bb7c809070 JavaThread "Sweeper thread" daemon [_thread_blocked, id=20732, stack(0x000000ff76a00000,0x000000ff76b00000)]
  0x000002bb7c8d2550 JavaThread "Common-Cleaner" daemon [_thread_blocked, id=16864, stack(0x000000ff76b00000,0x000000ff76c00000)]
  0x000002bb7ce15d10 JavaThread "Monitor Ctrl-Break" daemon [_thread_in_native, id=20516, stack(0x000000ff76e00000,0x000000ff76f00000)]
  0x000002bb7cd8c990 JavaThread "Notification Thread" daemon [_thread_blocked, id=20660, stack(0x000000ff76f00000,0x000000ff77000000)]
  0x000002bb7cc60a30 JavaThread "QuantumRenderer-0" daemon [_thread_in_native, id=23532, stack(0x000000ff77100000,0x000000ff77200000)]
  0x000002bb7d3b10a0 JavaThread "InvokeLaterDispatcher" daemon [_thread_blocked, id=12760, stack(0x000000ff77400000,0x000000ff77500000)]
  0x000002bb7d3bb7f0 JavaThread "JavaFX Application Thread" [_thread_blocked, id=12768, stack(0x000000ff77500000,0x000000ff77600000)]
  0x000002bb7d8465d0 JavaThread "JavaFX-Launcher" [_thread_blocked, id=4420, stack(0x000000ff77f00000,0x000000ff78000000)]
  0x000002bb7da26950 JavaThread "Thread-2" daemon [_thread_in_native, id=11884, stack(0x000000ff77e00000,0x000000ff77f00000)]
  0x000002bb7da7f9f0 JavaThread "Prism Font Disposer" daemon [_thread_blocked, id=22388, stack(0x000000ff78900000,0x000000ff78a00000)]
  0x000002bb7dce9580 JavaThread "Cleaner-0" daemon [_thread_blocked, id=23336, stack(0x000000ff79200000,0x000000ff79300000)]
  0x000002bb7dce8be0 JavaThread "JFXMedia Player EventQueueThread" daemon [_thread_blocked, id=20476, stack(0x000000ff79300000,0x000000ff79400000)]
  0x000002bb7dce7d70 JavaThread "Media Resource Disposer" daemon [_thread_blocked, id=17276, stack(0x000000ff79900000,0x000000ff79a00000)]
  0x000002bb7dce73d0 JavaThread "Timer-0" daemon [_thread_blocked, id=18476, stack(0x000000ff79c00000,0x000000ff79d00000)]

Other Threads:
  0x000002bb7be0e0e0 VMThread "VM Thread" [stack: 0x000000ff76100000,0x000000ff76200000] [id=14340]
  0x000002bb555771b0 WatcherThread [stack: 0x000000ff77000000,0x000000ff77100000] [id=18176]
  0x000002bb555538c0 GCTaskThread "GC Thread#0" [stack: 0x000000ff75c00000,0x000000ff75d00000] [id=11912]
  0x000002bb7d84d1d0 GCTaskThread "GC Thread#1" [stack: 0x000000ff78000000,0x000000ff78100000] [id=8028]
  0x000002bb7d84bf00 GCTaskThread "GC Thread#2" [stack: 0x000000ff78100000,0x000000ff78200000] [id=8832]
  0x000002bb7d84b9a0 GCTaskThread "GC Thread#3" [stack: 0x000000ff78200000,0x000000ff78300000] [id=13968]
  0x000002bb7d84cc70 GCTaskThread "GC Thread#4" [stack: 0x000000ff78300000,0x000000ff78400000] [id=15808]
  0x000002bb7d84c460 GCTaskThread "GC Thread#5" [stack: 0x000000ff78400000,0x000000ff78500000] [id=23240]
  0x000002bb7d84cf20 GCTaskThread "GC Thread#6" [stack: 0x000000ff78500000,0x000000ff78600000] [id=22028]
  0x000002bb7d84c1b0 GCTaskThread "GC Thread#7" [stack: 0x000000ff78600000,0x000000ff78700000] [id=11848]
  0x000002bb7d84c9c0 GCTaskThread "GC Thread#8" [stack: 0x000000ff78700000,0x000000ff78800000] [id=11024]
  0x000002bb7d84b6f0 GCTaskThread "GC Thread#9" [stack: 0x000000ff78800000,0x000000ff78900000] [id=5996]
  0x000002bb55564780 ConcurrentGCThread "G1 Main Marker" [stack: 0x000000ff75d00000,0x000000ff75e00000] [id=15752]
  0x000002bb55565190 ConcurrentGCThread "G1 Conc#0" [stack: 0x000000ff75e00000,0x000000ff75f00000] [id=3104]
  0x000002bb7bcc7100 ConcurrentGCThread "G1 Refine#0" [stack: 0x000000ff75f00000,0x000000ff76000000] [id=10960]
  0x000002bb7bcc7930 ConcurrentGCThread "G1 Service" [stack: 0x000000ff76000000,0x000000ff76100000] [id=21520]

Threads with active compile tasks:
C2 CompilerThread0   152192 2977       4       java.util.WeakHashMap::entrySet (27 bytes)

VM state: not at safepoint (normal execution)

VM Mutex/Monitor currently owned by a thread: None

Heap address: 0x0000000601000000, size: 8176 MB, Compressed Oops mode: Zero based, Oop shift amount: 3

CDS archive(s) mapped at: [0x0000000800000000-0x0000000800bc0000-0x0000000800bc0000), size 12320768, SharedBaseAddress: 0x0000000800000000, ArchiveRelocationMode: 0.
Compressed class space mapped at: 0x0000000800c00000-0x0000000840c00000, reserved size: 1073741824
Narrow klass base: 0x0000000800000000, Narrow klass shift: 0, Narrow klass range: 0x100000000

GC Precious Log:
 CPUs: 12 total, 12 available
 Memory: 32694M
 Large Page Support: Disabled
 NUMA Support: Disabled
 Compressed Oops: Enabled (Zero based)
 Heap Region Size: 4M
 Heap Min Capacity: 8M
 Heap Initial Capacity: 512M
 Heap Max Capacity: 8176M
 Pre-touch: Disabled
 Parallel Workers: 10
 Concurrent Workers: 3
 Concurrent Refinement Workers: 10
 Periodic GC: Disabled

Heap:
 garbage-first heap   total 524288K, used 129459K [0x0000000601000000, 0x0000000800000000)
  region size 4096K, 28 young (114688K), 2 survivors (8192K)
 Metaspace       used 13191K, committed 13440K, reserved 1064960K
  class space    used 1729K, committed 1856K, reserved 1048576K

Heap Regions: E=young(eden), S=young(survivor), O=old, HS=humongous(starts), HC=humongous(continues), CS=collection set, F=free, OA=open archive, CA=closed archive, TAMS=top-at-mark-start (previous, next)
|   0|0x0000000601000000, 0x0000000601400000, 0x0000000601400000|100%| O|  |TAMS 0x0000000601000000, 0x0000000601000000| Untracked 
|   1|0x0000000601400000, 0x000000060166ce00, 0x0000000601800000| 60%| O|  |TAMS 0x0000000601400000, 0x0000000601400000| Untracked 
|   2|0x0000000601800000, 0x0000000601c00000, 0x0000000601c00000|100%|HS|  |TAMS 0x0000000601800000, 0x0000000601800000| Complete 
|   3|0x0000000601c00000, 0x0000000602000000, 0x0000000602000000|100%|HS|  |TAMS 0x0000000601c00000, 0x0000000601c00000| Complete 
|   4|0x0000000602000000, 0x0000000602400000, 0x0000000602400000|100%|HS|  |TAMS 0x0000000602000000, 0x0000000602000000| Complete 
|   5|0x0000000602400000, 0x0000000602400000, 0x0000000602800000|  0%| F|  |TAMS 0x0000000602400000, 0x0000000602400000| Untracked 
|   6|0x0000000602800000, 0x0000000602800000, 0x0000000602c00000|  0%| F|  |TAMS 0x0000000602800000, 0x0000000602800000| Untracked 
|   7|0x0000000602c00000, 0x0000000602c00000, 0x0000000603000000|  0%| F|  |TAMS 0x0000000602c00000, 0x0000000602c00000| Untracked 
|   8|0x0000000603000000, 0x0000000603000000, 0x0000000603400000|  0%| F|  |TAMS 0x0000000603000000, 0x0000000603000000| Untracked 
|   9|0x0000000603400000, 0x0000000603400000, 0x0000000603800000|  0%| F|  |TAMS 0x0000000603400000, 0x0000000603400000| Untracked 
|  10|0x0000000603800000, 0x0000000603800000, 0x0000000603c00000|  0%| F|  |TAMS 0x0000000603800000, 0x0000000603800000| Untracked 
|  11|0x0000000603c00000, 0x0000000603c00000, 0x0000000604000000|  0%| F|  |TAMS 0x0000000603c00000, 0x0000000603c00000| Untracked 
|  12|0x0000000604000000, 0x0000000604000000, 0x0000000604400000|  0%| F|  |TAMS 0x0000000604000000, 0x0000000604000000| Untracked 
|  13|0x0000000604400000, 0x0000000604400000, 0x0000000604800000|  0%| F|  |TAMS 0x0000000604400000, 0x0000000604400000| Untracked 
|  14|0x0000000604800000, 0x0000000604800000, 0x0000000604c00000|  0%| F|  |TAMS 0x0000000604800000, 0x0000000604800000| Untracked 
|  15|0x0000000604c00000, 0x0000000604c00000, 0x0000000605000000|  0%| F|  |TAMS 0x0000000604c00000, 0x0000000604c00000| Untracked 
|  16|0x0000000605000000, 0x0000000605000000, 0x0000000605400000|  0%| F|  |TAMS 0x0000000605000000, 0x0000000605000000| Untracked 
|  17|0x0000000605400000, 0x0000000605400000, 0x0000000605800000|  0%| F|  |TAMS 0x0000000605400000, 0x0000000605400000| Untracked 
|  18|0x0000000605800000, 0x0000000605800000, 0x0000000605c00000|  0%| F|  |TAMS 0x0000000605800000, 0x0000000605800000| Untracked 
|  19|0x0000000605c00000, 0x0000000605c00000, 0x0000000606000000|  0%| F|  |TAMS 0x0000000605c00000, 0x0000000605c00000| Untracked 
|  20|0x0000000606000000, 0x0000000606000000, 0x0000000606400000|  0%| F|  |TAMS 0x0000000606000000, 0x0000000606000000| Untracked 
|  21|0x0000000606400000, 0x0000000606400000, 0x0000000606800000|  0%| F|  |TAMS 0x0000000606400000, 0x0000000606400000| Untracked 
|  22|0x0000000606800000, 0x0000000606800000, 0x0000000606c00000|  0%| F|  |TAMS 0x0000000606800000, 0x0000000606800000| Untracked 
|  23|0x0000000606c00000, 0x0000000606c00000, 0x0000000607000000|  0%| F|  |TAMS 0x0000000606c00000, 0x0000000606c00000| Untracked 
|  24|0x0000000607000000, 0x0000000607000000, 0x0000000607400000|  0%| F|  |TAMS 0x0000000607000000, 0x0000000607000000| Untracked 
|  25|0x0000000607400000, 0x0000000607400000, 0x0000000607800000|  0%| F|  |TAMS 0x0000000607400000, 0x0000000607400000| Untracked 
|  26|0x0000000607800000, 0x0000000607800000, 0x0000000607c00000|  0%| F|  |TAMS 0x0000000607800000, 0x0000000607800000| Untracked 
|  27|0x0000000607c00000, 0x0000000607c00000, 0x0000000608000000|  0%| F|  |TAMS 0x0000000607c00000, 0x0000000607c00000| Untracked 
|  28|0x0000000608000000, 0x0000000608000000, 0x0000000608400000|  0%| F|  |TAMS 0x0000000608000000, 0x0000000608000000| Untracked 
|  29|0x0000000608400000, 0x0000000608400000, 0x0000000608800000|  0%| F|  |TAMS 0x0000000608400000, 0x0000000608400000| Untracked 
|  30|0x0000000608800000, 0x0000000608800000, 0x0000000608c00000|  0%| F|  |TAMS 0x0000000608800000, 0x0000000608800000| Untracked 
|  31|0x0000000608c00000, 0x0000000608c00000, 0x0000000609000000|  0%| F|  |TAMS 0x0000000608c00000, 0x0000000608c00000| Untracked 
|  32|0x0000000609000000, 0x0000000609000000, 0x0000000609400000|  0%| F|  |TAMS 0x0000000609000000, 0x0000000609000000| Untracked 
|  33|0x0000000609400000, 0x0000000609400000, 0x0000000609800000|  0%| F|  |TAMS 0x0000000609400000, 0x0000000609400000| Untracked 
|  34|0x0000000609800000, 0x0000000609800000, 0x0000000609c00000|  0%| F|  |TAMS 0x0000000609800000, 0x0000000609800000| Untracked 
|  35|0x0000000609c00000, 0x0000000609c00000, 0x000000060a000000|  0%| F|  |TAMS 0x0000000609c00000, 0x0000000609c00000| Untracked 
|  36|0x000000060a000000, 0x000000060a000000, 0x000000060a400000|  0%| F|  |TAMS 0x000000060a000000, 0x000000060a000000| Untracked 
|  37|0x000000060a400000, 0x000000060a400000, 0x000000060a800000|  0%| F|  |TAMS 0x000000060a400000, 0x000000060a400000| Untracked 
|  38|0x000000060a800000, 0x000000060a800000, 0x000000060ac00000|  0%| F|  |TAMS 0x000000060a800000, 0x000000060a800000| Untracked 
|  39|0x000000060ac00000, 0x000000060ac00000, 0x000000060b000000|  0%| F|  |TAMS 0x000000060ac00000, 0x000000060ac00000| Untracked 
|  40|0x000000060b000000, 0x000000060b000000, 0x000000060b400000|  0%| F|  |TAMS 0x000000060b000000, 0x000000060b000000| Untracked 
|  41|0x000000060b400000, 0x000000060b400000, 0x000000060b800000|  0%| F|  |TAMS 0x000000060b400000, 0x000000060b400000| Untracked 
|  42|0x000000060b800000, 0x000000060b800000, 0x000000060bc00000|  0%| F|  |TAMS 0x000000060b800000, 0x000000060b800000| Untracked 
|  43|0x000000060bc00000, 0x000000060bc00000, 0x000000060c000000|  0%| F|  |TAMS 0x000000060bc00000, 0x000000060bc00000| Untracked 
|  44|0x000000060c000000, 0x000000060c000000, 0x000000060c400000|  0%| F|  |TAMS 0x000000060c000000, 0x000000060c000000| Untracked 
|  45|0x000000060c400000, 0x000000060c400000, 0x000000060c800000|  0%| F|  |TAMS 0x000000060c400000, 0x000000060c400000| Untracked 
|  46|0x000000060c800000, 0x000000060c800000, 0x000000060cc00000|  0%| F|  |TAMS 0x000000060c800000, 0x000000060c800000| Untracked 
|  47|0x000000060cc00000, 0x000000060cc00000, 0x000000060d000000|  0%| F|  |TAMS 0x000000060cc00000, 0x000000060cc00000| Untracked 
|  48|0x000000060d000000, 0x000000060d000000, 0x000000060d400000|  0%| F|  |TAMS 0x000000060d000000, 0x000000060d000000| Untracked 
|  49|0x000000060d400000, 0x000000060d400000, 0x000000060d800000|  0%| F|  |TAMS 0x000000060d400000, 0x000000060d400000| Untracked 
|  50|0x000000060d800000, 0x000000060d800000, 0x000000060dc00000|  0%| F|  |TAMS 0x000000060d800000, 0x000000060d800000| Untracked 
|  51|0x000000060dc00000, 0x000000060dc00000, 0x000000060e000000|  0%| F|  |TAMS 0x000000060dc00000, 0x000000060dc00000| Untracked 
|  52|0x000000060e000000, 0x000000060e000000, 0x000000060e400000|  0%| F|  |TAMS 0x000000060e000000, 0x000000060e000000| Untracked 
|  53|0x000000060e400000, 0x000000060e400000, 0x000000060e800000|  0%| F|  |TAMS 0x000000060e400000, 0x000000060e400000| Untracked 
|  54|0x000000060e800000, 0x000000060e800000, 0x000000060ec00000|  0%| F|  |TAMS 0x000000060e800000, 0x000000060e800000| Untracked 
|  55|0x000000060ec00000, 0x000000060ec00000, 0x000000060f000000|  0%| F|  |TAMS 0x000000060ec00000, 0x000000060ec00000| Untracked 
|  56|0x000000060f000000, 0x000000060f000000, 0x000000060f400000|  0%| F|  |TAMS 0x000000060f000000, 0x000000060f000000| Untracked 
|  57|0x000000060f400000, 0x000000060f400000, 0x000000060f800000|  0%| F|  |TAMS 0x000000060f400000, 0x000000060f400000| Untracked 
|  58|0x000000060f800000, 0x000000060f800000, 0x000000060fc00000|  0%| F|  |TAMS 0x000000060f800000, 0x000000060f800000| Untracked 
|  59|0x000000060fc00000, 0x000000060fc00000, 0x0000000610000000|  0%| F|  |TAMS 0x000000060fc00000, 0x000000060fc00000| Untracked 
|  60|0x0000000610000000, 0x0000000610000000, 0x0000000610400000|  0%| F|  |TAMS 0x0000000610000000, 0x0000000610000000| Untracked 
|  61|0x0000000610400000, 0x0000000610400000, 0x0000000610800000|  0%| F|  |TAMS 0x0000000610400000, 0x0000000610400000| Untracked 
|  62|0x0000000610800000, 0x0000000610800000, 0x0000000610c00000|  0%| F|  |TAMS 0x0000000610800000, 0x0000000610800000| Untracked 
|  63|0x0000000610c00000, 0x0000000610c00000, 0x0000000611000000|  0%| F|  |TAMS 0x0000000610c00000, 0x0000000610c00000| Untracked 
|  64|0x0000000611000000, 0x0000000611000000, 0x0000000611400000|  0%| F|  |TAMS 0x0000000611000000, 0x0000000611000000| Untracked 
|  65|0x0000000611400000, 0x0000000611400000, 0x0000000611800000|  0%| F|  |TAMS 0x0000000611400000, 0x0000000611400000| Untracked 
|  66|0x0000000611800000, 0x0000000611800000, 0x0000000611c00000|  0%| F|  |TAMS 0x0000000611800000, 0x0000000611800000| Untracked 
|  67|0x0000000611c00000, 0x0000000611c00000, 0x0000000612000000|  0%| F|  |TAMS 0x0000000611c00000, 0x0000000611c00000| Untracked 
|  68|0x0000000612000000, 0x0000000612000000, 0x0000000612400000|  0%| F|  |TAMS 0x0000000612000000, 0x0000000612000000| Untracked 
|  69|0x0000000612400000, 0x0000000612400000, 0x0000000612800000|  0%| F|  |TAMS 0x0000000612400000, 0x0000000612400000| Untracked 
|  70|0x0000000612800000, 0x0000000612800000, 0x0000000612c00000|  0%| F|  |TAMS 0x0000000612800000, 0x0000000612800000| Untracked 
|  71|0x0000000612c00000, 0x0000000612c00000, 0x0000000613000000|  0%| F|  |TAMS 0x0000000612c00000, 0x0000000612c00000| Untracked 
|  72|0x0000000613000000, 0x0000000613000000, 0x0000000613400000|  0%| F|  |TAMS 0x0000000613000000, 0x0000000613000000| Untracked 
|  73|0x0000000613400000, 0x0000000613400000, 0x0000000613800000|  0%| F|  |TAMS 0x0000000613400000, 0x0000000613400000| Untracked 
|  74|0x0000000613800000, 0x0000000613800000, 0x0000000613c00000|  0%| F|  |TAMS 0x0000000613800000, 0x0000000613800000| Untracked 
|  75|0x0000000613c00000, 0x0000000613c00000, 0x0000000614000000|  0%| F|  |TAMS 0x0000000613c00000, 0x0000000613c00000| Untracked 
|  76|0x0000000614000000, 0x0000000614000000, 0x0000000614400000|  0%| F|  |TAMS 0x0000000614000000, 0x0000000614000000| Untracked 
|  77|0x0000000614400000, 0x0000000614400000, 0x0000000614800000|  0%| F|  |TAMS 0x0000000614400000, 0x0000000614400000| Untracked 
|  78|0x0000000614800000, 0x0000000614800000, 0x0000000614c00000|  0%| F|  |TAMS 0x0000000614800000, 0x0000000614800000| Untracked 
|  79|0x0000000614c00000, 0x0000000614c00000, 0x0000000615000000|  0%| F|  |TAMS 0x0000000614c00000, 0x0000000614c00000| Untracked 
|  80|0x0000000615000000, 0x0000000615000000, 0x0000000615400000|  0%| F|  |TAMS 0x0000000615000000, 0x0000000615000000| Untracked 
|  81|0x0000000615400000, 0x0000000615400000, 0x0000000615800000|  0%| F|  |TAMS 0x0000000615400000, 0x0000000615400000| Untracked 
|  82|0x0000000615800000, 0x0000000615800000, 0x0000000615c00000|  0%| F|  |TAMS 0x0000000615800000, 0x0000000615800000| Untracked 
|  83|0x0000000615c00000, 0x0000000615c00000, 0x0000000616000000|  0%| F|  |TAMS 0x0000000615c00000, 0x0000000615c00000| Untracked 
|  84|0x0000000616000000, 0x0000000616000000, 0x0000000616400000|  0%| F|  |TAMS 0x0000000616000000, 0x0000000616000000| Untracked 
|  85|0x0000000616400000, 0x0000000616400000, 0x0000000616800000|  0%| F|  |TAMS 0x0000000616400000, 0x0000000616400000| Untracked 
|  86|0x0000000616800000, 0x0000000616800000, 0x0000000616c00000|  0%| F|  |TAMS 0x0000000616800000, 0x0000000616800000| Untracked 
|  87|0x0000000616c00000, 0x0000000616c00000, 0x0000000617000000|  0%| F|  |TAMS 0x0000000616c00000, 0x0000000616c00000| Untracked 
|  88|0x0000000617000000, 0x0000000617000000, 0x0000000617400000|  0%| F|  |TAMS 0x0000000617000000, 0x0000000617000000| Untracked 
|  89|0x0000000617400000, 0x0000000617400000, 0x0000000617800000|  0%| F|  |TAMS 0x0000000617400000, 0x0000000617400000| Untracked 
|  90|0x0000000617800000, 0x0000000617800000, 0x0000000617c00000|  0%| F|  |TAMS 0x0000000617800000, 0x0000000617800000| Untracked 
|  91|0x0000000617c00000, 0x0000000617c00000, 0x0000000618000000|  0%| F|  |TAMS 0x0000000617c00000, 0x0000000617c00000| Untracked 
|  92|0x0000000618000000, 0x0000000618000000, 0x0000000618400000|  0%| F|  |TAMS 0x0000000618000000, 0x0000000618000000| Untracked 
|  93|0x0000000618400000, 0x0000000618400000, 0x0000000618800000|  0%| F|  |TAMS 0x0000000618400000, 0x0000000618400000| Untracked 
|  94|0x0000000618800000, 0x0000000618800000, 0x0000000618c00000|  0%| F|  |TAMS 0x0000000618800000, 0x0000000618800000| Untracked 
|  95|0x0000000618c00000, 0x0000000618c00000, 0x0000000619000000|  0%| F|  |TAMS 0x0000000618c00000, 0x0000000618c00000| Untracked 
|  96|0x0000000619000000, 0x0000000619000000, 0x0000000619400000|  0%| F|  |TAMS 0x0000000619000000, 0x0000000619000000| Untracked 
|  97|0x0000000619400000, 0x0000000619400000, 0x0000000619800000|  0%| F|  |TAMS 0x0000000619400000, 0x0000000619400000| Untracked 
|  98|0x0000000619800000, 0x0000000619800000, 0x0000000619c00000|  0%| F|  |TAMS 0x0000000619800000, 0x0000000619800000| Untracked 
|  99|0x0000000619c00000, 0x0000000619c00000, 0x000000061a000000|  0%| F|  |TAMS 0x0000000619c00000, 0x0000000619c00000| Untracked 
| 100|0x000000061a000000, 0x000000061a400000, 0x000000061a400000|100%| E|  |TAMS 0x000000061a000000, 0x000000061a000000| Complete 
| 101|0x000000061a400000, 0x000000061a800000, 0x000000061a800000|100%| E|CS|TAMS 0x000000061a400000, 0x000000061a400000| Complete 
| 102|0x000000061a800000, 0x000000061ac00000, 0x000000061ac00000|100%| E|CS|TAMS 0x000000061a800000, 0x000000061a800000| Complete 
| 103|0x000000061ac00000, 0x000000061b000000, 0x000000061b000000|100%| E|CS|TAMS 0x000000061ac00000, 0x000000061ac00000| Complete 
| 104|0x000000061b000000, 0x000000061b400000, 0x000000061b400000|100%| E|CS|TAMS 0x000000061b000000, 0x000000061b000000| Complete 
| 105|0x000000061b400000, 0x000000061b800000, 0x000000061b800000|100%| E|CS|TAMS 0x000000061b400000, 0x000000061b400000| Complete 
| 106|0x000000061b800000, 0x000000061bc00000, 0x000000061bc00000|100%| E|CS|TAMS 0x000000061b800000, 0x000000061b800000| Complete 
| 107|0x000000061bc00000, 0x000000061c000000, 0x000000061c000000|100%| E|CS|TAMS 0x000000061bc00000, 0x000000061bc00000| Complete 
| 108|0x000000061c000000, 0x000000061c400000, 0x000000061c400000|100%| E|CS|TAMS 0x000000061c000000, 0x000000061c000000| Complete 
| 109|0x000000061c400000, 0x000000061c800000, 0x000000061c800000|100%| E|CS|TAMS 0x000000061c400000, 0x000000061c400000| Complete 
| 110|0x000000061c800000, 0x000000061cc00000, 0x000000061cc00000|100%| E|CS|TAMS 0x000000061c800000, 0x000000061c800000| Complete 
| 111|0x000000061cc00000, 0x000000061d000000, 0x000000061d000000|100%| E|CS|TAMS 0x000000061cc00000, 0x000000061cc00000| Complete 
| 112|0x000000061d000000, 0x000000061d400000, 0x000000061d400000|100%| E|CS|TAMS 0x000000061d000000, 0x000000061d000000| Complete 
| 113|0x000000061d400000, 0x000000061d800000, 0x000000061d800000|100%| E|CS|TAMS 0x000000061d400000, 0x000000061d400000| Complete 
| 114|0x000000061d800000, 0x000000061dc00000, 0x000000061dc00000|100%| E|CS|TAMS 0x000000061d800000, 0x000000061d800000| Complete 
| 115|0x000000061dc00000, 0x000000061e000000, 0x000000061e000000|100%| S|CS|TAMS 0x000000061dc00000, 0x000000061dc00000| Complete 
| 116|0x000000061e000000, 0x000000061e400000, 0x000000061e400000|100%| S|CS|TAMS 0x000000061e000000, 0x000000061e000000| Complete 
| 117|0x000000061e400000, 0x000000061e800000, 0x000000061e800000|100%| E|CS|TAMS 0x000000061e400000, 0x000000061e400000| Complete 
| 118|0x000000061e800000, 0x000000061ec00000, 0x000000061ec00000|100%| E|CS|TAMS 0x000000061e800000, 0x000000061e800000| Complete 
| 119|0x000000061ec00000, 0x000000061f000000, 0x000000061f000000|100%| E|CS|TAMS 0x000000061ec00000, 0x000000061ec00000| Complete 
| 120|0x000000061f000000, 0x000000061f400000, 0x000000061f400000|100%| E|CS|TAMS 0x000000061f000000, 0x000000061f000000| Complete 
| 121|0x000000061f400000, 0x000000061f800000, 0x000000061f800000|100%| E|CS|TAMS 0x000000061f400000, 0x000000061f400000| Complete 
| 122|0x000000061f800000, 0x000000061fc00000, 0x000000061fc00000|100%| E|CS|TAMS 0x000000061f800000, 0x000000061f800000| Complete 
| 123|0x000000061fc00000, 0x0000000620000000, 0x0000000620000000|100%| E|CS|TAMS 0x000000061fc00000, 0x000000061fc00000| Complete 
| 124|0x0000000620000000, 0x0000000620400000, 0x0000000620400000|100%| E|CS|TAMS 0x0000000620000000, 0x0000000620000000| Complete 
| 125|0x0000000620400000, 0x0000000620800000, 0x0000000620800000|100%| E|CS|TAMS 0x0000000620400000, 0x0000000620400000| Complete 
| 126|0x0000000620800000, 0x0000000620c00000, 0x0000000620c00000|100%| E|CS|TAMS 0x0000000620800000, 0x0000000620800000| Complete 
| 127|0x0000000620c00000, 0x0000000621000000, 0x0000000621000000|100%| E|CS|TAMS 0x0000000620c00000, 0x0000000620c00000| Complete 

Card table byte_map: [0x000002bb6f150000,0x000002bb70150000] _byte_map_base: 0x000002bb6c148000

Marking Bits (Prev, Next): (CMBitMap*) 0x000002bb55553ed0, (CMBitMap*) 0x000002bb55553f10
 Prev Bits: [0x000002bb71150000, 0x000002bb79110000)
 Next Bits: [0x000002bb00000000, 0x000002bb07fc0000)

Polling page: 0x000002bb555c0000

Metaspace:

Usage:
  Non-class:     11.19 MB used.
      Class:      1.69 MB used.
       Both:     12.88 MB used.

Virtual space:
  Non-class space:       16.00 MB reserved,      11.31 MB ( 71%) committed,  2 nodes.
      Class space:        1.00 GB reserved,       1.81 MB ( <1%) committed,  1 nodes.
             Both:        1.02 GB reserved,      13.12 MB (  1%) committed. 

Chunk freelists:
   Non-Class:  240.00 KB
       Class:  2.11 MB
        Both:  2.34 MB

MaxMetaspaceSize: unlimited
CompressedClassSpaceSize: 1.00 GB
Initial GC threshold: 21.00 MB
Current GC threshold: 21.00 MB
CDS: on
MetaspaceReclaimPolicy: balanced
 - commit_granule_bytes: 65536.
 - commit_granule_words: 8192.
 - virtual_space_node_default_size: 1048576.
 - enlarge_chunks_in_place: 1.
 - new_chunks_are_fully_committed: 0.
 - uncommit_free_chunks: 1.
 - use_allocation_guard: 0.
 - handle_deallocations: 1.


Internal statistics:

num_allocs_failed_limit: 0.
num_arena_births: 180.
num_arena_deaths: 0.
num_vsnodes_births: 3.
num_vsnodes_deaths: 0.
num_space_committed: 210.
num_space_uncommitted: 0.
num_chunks_returned_to_freelist: 0.
num_chunks_taken_from_freelist: 573.
num_chunk_merges: 0.
num_chunk_splits: 416.
num_chunks_enlarged: 335.
num_purges: 0.
num_inconsistent_stats: 0.

CodeHeap 'non-profiled nmethods': size=120000Kb used=1213Kb max_used=1213Kb free=118786Kb
 bounds [0x000002bb65f80000, 0x000002bb661f0000, 0x000002bb6d4b0000]
CodeHeap 'profiled nmethods': size=120000Kb used=5560Kb max_used=5560Kb free=114439Kb
 bounds [0x000002bb5ea50000, 0x000002bb5efc0000, 0x000002bb65f80000]
CodeHeap 'non-nmethods': size=5760Kb used=1424Kb max_used=1442Kb free=4336Kb
 bounds [0x000002bb5e4b0000, 0x000002bb5e720000, 0x000002bb5ea50000]
 total_blobs=3760 nmethods=2976 adapters=695
 compilation: enabled
              stopped_count=0, restarted_count=0
 full_count=0

Compilation events (20 events):
Event: 150.199 Thread 0x000002bb7be30bf0 nmethod 2967 0x000002bb660ac590 code [0x000002bb660ac740, 0x000002bb660aca18]
Event: 150.286 Thread 0x000002bb7be30bf0 2968       4       java.util.RegularEnumSet::add (9 bytes)
Event: 150.287 Thread 0x000002bb7be30bf0 nmethod 2968 0x000002bb660ace90 code [0x000002bb660ad000, 0x000002bb660ad118]
Event: 150.385 Thread 0x000002bb7be30bf0 2969       4       com.sun.javafx.geom.RectBounds::deriveWithNewBounds (96 bytes)
Event: 150.386 Thread 0x000002bb7be30bf0 nmethod 2969 0x000002bb660ad210 code [0x000002bb660ad3a0, 0x000002bb660ad4d8]
Event: 150.593 Thread 0x000002bb7be30bf0 2970       4       java.lang.Math::min (45 bytes)
Event: 150.593 Thread 0x000002bb7be30bf0 nmethod 2970 0x000002bb660ad610 code [0x000002bb660ad7c0, 0x000002bb660ad8d8]
Event: 150.601 Thread 0x000002bb7be30bf0 2971       4       java.util.WeakHashMap$HashIterator::nextEntry (81 bytes)
Event: 150.603 Thread 0x000002bb7be30bf0 nmethod 2971 0x000002bb660ad990 code [0x000002bb660adb00, 0x000002bb660aded8]
Event: 150.687 Thread 0x000002bb7be30bf0 2972       4       java.util.WeakHashMap$EntryIterator::next (5 bytes)
Event: 150.689 Thread 0x000002bb7be30bf0 nmethod 2972 0x000002bb660ae010 code [0x000002bb660ae180, 0x000002bb660ae558]
Event: 150.735 Thread 0x000002bb7be30bf0 2973       4       com.sun.javafx.geom.transform.AffineBase::isIdentity (20 bytes)
Event: 150.736 Thread 0x000002bb7be30bf0 nmethod 2973 0x000002bb660ae690 code [0x000002bb660ae820, 0x000002bb660ae958]
Event: 151.281 Thread 0x000002bb7be30bf0 2974       4       javafx.scene.Node::getPeer (57 bytes)
Event: 151.282 Thread 0x000002bb7be30bf0 nmethod 2974 0x000002bb660aea90 code [0x000002bb660aec20, 0x000002bb660aeda8]
Event: 151.915 Thread 0x000002bb7be30bf0 2975       4       com.sun.prism.paint.Color::isOpaque (15 bytes)
Event: 151.915 Thread 0x000002bb7be30bf0 nmethod 2975 0x000002bb660aee90 code [0x000002bb660af020, 0x000002bb660af0b8]
Event: 152.057 Thread 0x000002bb7be30bf0 2976       4       java.util.WeakHashMap$HashIterator::<init> (41 bytes)
Event: 152.059 Thread 0x000002bb7be30bf0 nmethod 2976 0x000002bb660af190 code [0x000002bb660af320, 0x000002bb660af528]
Event: 152.107 Thread 0x000002bb7be30bf0 2977       4       java.util.WeakHashMap::entrySet (27 bytes)

GC Heap History (4 events):
Event: 0.426 GC heap before
{Heap before GC invocations=0 (full 0):
 garbage-first heap   total 524288K, used 20480K [0x0000000601000000, 0x0000000800000000)
  region size 4096K, 6 young (24576K), 0 survivors (0K)
 Metaspace       used 5199K, committed 5376K, reserved 1056768K
  class space    used 641K, committed 704K, reserved 1048576K
}
Event: 0.429 GC heap after
{Heap after GC invocations=1 (full 0):
 garbage-first heap   total 524288K, used 2764K [0x0000000601000000, 0x0000000800000000)
  region size 4096K, 1 young (4096K), 1 survivors (4096K)
 Metaspace       used 5199K, committed 5376K, reserved 1056768K
  class space    used 641K, committed 704K, reserved 1048576K
}
Event: 21.792 GC heap before
{Heap before GC invocations=1 (full 0):
 garbage-first heap   total 524288K, used 39628K [0x0000000601000000, 0x0000000800000000)
  region size 4096K, 11 young (45056K), 1 survivors (4096K)
 Metaspace       used 11700K, committed 11968K, reserved 1064960K
  class space    used 1569K, committed 1728K, reserved 1048576K
}
Event: 21.795 GC heap after
{Heap after GC invocations=2 (full 0):
 garbage-first heap   total 524288K, used 14771K [0x0000000601000000, 0x0000000800000000)
  region size 4096K, 2 young (8192K), 2 survivors (8192K)
 Metaspace       used 11700K, committed 11968K, reserved 1064960K
  class space    used 1569K, committed 1728K, reserved 1048576K
}

Deoptimization events (20 events):
Event: 21.920 Thread 0x000002bb7d3bb7f0 Uncommon trap: trap_request=0xffffff45 fr.pc=0x000002bb65ffcbe0 relative=0x0000000000000240
Event: 21.920 Thread 0x000002bb7d3bb7f0 Uncommon trap: reason=unstable_if action=reinterpret pc=0x000002bb65ffcbe0 method=java.util.HashMap.getNode(Ljava/lang/Object;)Ljava/util/HashMap$Node; @ 85 c2
Event: 21.920 Thread 0x000002bb7d3bb7f0 DEOPT PACKING pc=0x000002bb65ffcbe0 sp=0x000000ff775fd310
Event: 21.920 Thread 0x000002bb7d3bb7f0 DEOPT UNPACKING pc=0x000002bb5e5023a3 sp=0x000000ff775fd220 mode 2
Event: 21.926 Thread 0x000002bb7d3bb7f0 Uncommon trap: trap_request=0xffffff45 fr.pc=0x000002bb65ffbc5c relative=0x000000000000023c
Event: 21.926 Thread 0x000002bb7d3bb7f0 Uncommon trap: reason=unstable_if action=reinterpret pc=0x000002bb65ffbc5c method=java.util.HashMap.getNode(Ljava/lang/Object;)Ljava/util/HashMap$Node; @ 85 c2
Event: 21.926 Thread 0x000002bb7d3bb7f0 DEOPT PACKING pc=0x000002bb65ffbc5c sp=0x000000ff775fd140
Event: 21.926 Thread 0x000002bb7d3bb7f0 DEOPT UNPACKING pc=0x000002bb5e5023a3 sp=0x000000ff775fd0c0 mode 2
Event: 41.970 Thread 0x000002bb7d3bb7f0 Uncommon trap: trap_request=0xffffff45 fr.pc=0x000002bb6605f900 relative=0x0000000000000760
Event: 41.970 Thread 0x000002bb7d3bb7f0 Uncommon trap: reason=unstable_if action=reinterpret pc=0x000002bb6605f900 method=com.sun.javafx.tk.quantum.GlassViewEventHandler$MouseEventNotification.run()Ljava/lang/Void; @ 95 c2
Event: 41.970 Thread 0x000002bb7d3bb7f0 DEOPT PACKING pc=0x000002bb6605f900 sp=0x000000ff775fe3e0
Event: 41.970 Thread 0x000002bb7d3bb7f0 DEOPT UNPACKING pc=0x000002bb5e5023a3 sp=0x000000ff775fe348 mode 2
Event: 41.970 Thread 0x000002bb7d3bb7f0 Uncommon trap: trap_request=0xffffff45 fr.pc=0x000002bb660608b8 relative=0x0000000000000098
Event: 41.970 Thread 0x000002bb7d3bb7f0 Uncommon trap: reason=unstable_if action=reinterpret pc=0x000002bb660608b8 method=com.sun.javafx.tk.quantum.GlassViewEventHandler.mouseEventType(I)Ljavafx/event/EventType; @ 1 c2
Event: 41.970 Thread 0x000002bb7d3bb7f0 DEOPT PACKING pc=0x000002bb660608b8 sp=0x000000ff775fe330
Event: 41.970 Thread 0x000002bb7d3bb7f0 DEOPT UNPACKING pc=0x000002bb5e5023a3 sp=0x000000ff775fe2d0 mode 2
Event: 41.970 Thread 0x000002bb7d3bb7f0 Uncommon trap: trap_request=0xffffff45 fr.pc=0x000002bb6605c980 relative=0x0000000000000aa0
Event: 41.970 Thread 0x000002bb7d3bb7f0 Uncommon trap: reason=unstable_if action=reinterpret pc=0x000002bb6605c980 method=com.sun.glass.ui.View.notifyMouse(IIIIIIIZZ)V @ 188 c2
Event: 41.970 Thread 0x000002bb7d3bb7f0 DEOPT PACKING pc=0x000002bb6605c980 sp=0x000000ff775fe4b0
Event: 41.970 Thread 0x000002bb7d3bb7f0 DEOPT UNPACKING pc=0x000002bb5e5023a3 sp=0x000000ff775fe480 mode 2

Classes unloaded (0 events):
No events

Classes redefined (0 events):
No events

Internal exceptions (20 events):
Event: 0.507 Thread 0x000002bb7d3bb7f0 Exception <a 'sun/nio/fs/WindowsException'{0x00000006204f5110}> (0x00000006204f5110) 
thrown [t:\workspace\open\src\hotspot\share\prims\jni.cpp, line 516]
Event: 0.544 Thread 0x000002bb7d3bb7f0 Exception <a 'java/lang/NoSuchMethodError'{0x000000062075c1d8}: 'java.lang.Object java.lang.invoke.DirectMethodHandle$Holder.newInvokeSpecial(java.lang.Object, java.lang.Object, int)'> (0x000000062075c1d8) 
thrown [t:\workspace\open\src\hotspot\share\interpreter\linkResolver.cpp, line 766]
Event: 0.609 Thread 0x000002bb7cc60a30 Exception <a 'java/lang/NoSuchMethodError'{0x0000000620273590}: 'int java.lang.invoke.DirectMethodHandle$Holder.invokeStaticInit(java.lang.Object, java.lang.Object)'> (0x0000000620273590) 
thrown [t:\workspace\open\src\hotspot\share\interpreter\linkResolver.cpp, line 766]
Event: 10.087 Thread 0x000002bb7d3bb7f0 Exception <a 'java/lang/NoSuchMethodError'{0x000000061f022a98}: 'long java.lang.invoke.DirectMethodHandle$Holder.invokeStatic(java.lang.Object, java.lang.Object, java.lang.Object)'> (0x000000061f022a98) 
thrown [t:\workspace\open\src\hotspot\share\interpreter\linkResolver.cpp, line 766]
Event: 10.087 Thread 0x000002bb7d3bb7f0 Exception <a 'java/lang/NoSuchMethodError'{0x000000061f026240}: 'long java.lang.invoke.DirectMethodHandle$Holder.invokeStaticInit(java.lang.Object, java.lang.Object, java.lang.Object)'> (0x000000061f026240) 
thrown [t:\workspace\open\src\hotspot\share\interpreter\linkResolver.cpp, line 766]
Event: 10.089 Thread 0x000002bb7d3bb7f0 Exception <a 'java/lang/NoSuchMethodError'{0x000000061f03de48}: 'java.lang.Object java.lang.invoke.DirectMethodHandle$Holder.newInvokeSpecial(java.lang.Object, java.lang.Object, long)'> (0x000000061f03de48) 
thrown [t:\workspace\open\src\hotspot\share\interpreter\linkResolver.cpp, line 766]
Event: 10.089 Thread 0x000002bb7d3bb7f0 Exception <a 'java/lang/NoSuchMethodError'{0x000000061f0419b8}: 'java.lang.Object java.lang.invoke.Invokers$Holder.linkToTargetMethod(java.lang.Object, long, java.lang.Object)'> (0x000000061f0419b8) 
thrown [t:\workspace\open\src\hotspot\share\interpreter\linkResolver.cpp, line 766]
Event: 21.791 Thread 0x000002bb7d3bb7f0 Exception <a 'java/io/FileNotFoundException'{0x000000061e8d5108}> (0x000000061e8d5108) 
thrown [t:\workspace\open\src\hotspot\share\prims\jni.cpp, line 516]
Event: 21.791 Thread 0x000002bb7d3bb7f0 Exception <a 'java/io/FileNotFoundException'{0x000000061e8d7730}> (0x000000061e8d7730) 
thrown [t:\workspace\open\src\hotspot\share\prims\jni.cpp, line 516]
Event: 21.890 Thread 0x000002bb7d3bb7f0 Implicit null exception at 0x000002bb65fc8a72 to 0x000002bb65fc9058
Event: 21.890 Thread 0x000002bb7d3bb7f0 Implicit null exception at 0x000002bb65fcf872 to 0x000002bb65fcfe54
Event: 21.919 Thread 0x000002bb7d3bb7f0 Exception <a 'sun/nio/fs/WindowsException'{0x0000000620b2a038}> (0x0000000620b2a038) 
thrown [t:\workspace\open\src\hotspot\share\prims\jni.cpp, line 516]
Event: 21.920 Thread 0x000002bb7d3bb7f0 Exception <a 'sun/nio/fs/WindowsException'{0x0000000620b2b638}> (0x0000000620b2b638) 
thrown [t:\workspace\open\src\hotspot\share\prims\jni.cpp, line 516]
Event: 21.920 Thread 0x000002bb7d3bb7f0 Exception <a 'sun/nio/fs/WindowsException'{0x0000000620b2cc58}> (0x0000000620b2cc58) 
thrown [t:\workspace\open\src\hotspot\share\prims\jni.cpp, line 516]
Event: 21.944 Thread 0x000002bb7d3bb7f0 Exception <a 'java/lang/NoSuchMethodError'{0x0000000620bf1050}: 'void java.lang.invoke.DirectMethodHandle$Holder.invokeSpecial(java.lang.Object, java.lang.Object, double)'> (0x0000000620bf1050) 
thrown [t:\workspace\open\src\hotspot\share\interpreter\linkResolver.cpp, line 766]
Event: 21.944 Thread 0x000002bb7d3bb7f0 Exception <a 'java/lang/NoSuchMethodError'{0x0000000620bf7328}: 'java.lang.Object java.lang.invoke.DirectMethodHandle$Holder.newInvokeSpecial(java.lang.Object, java.lang.Object, double)'> (0x0000000620bf7328) 
thrown [t:\workspace\open\src\hotspot\share\interpreter\linkResolver.cpp, line 766]
Event: 21.945 Thread 0x000002bb7d3bb7f0 Exception <a 'java/lang/NoSuchMethodError'{0x0000000620bfb498}: 'java.lang.Object java.lang.invoke.DirectMethodHandle$Holder.invokeSpecial(java.lang.Object, java.lang.Object, java.lang.Object, double)'> (0x0000000620bfb498) 
thrown [t:\workspace\open\src\hotspot\share\interpreter\linkResolver.cpp, line 766]
Event: 41.971 Thread 0x000002bb7d3bb7f0 Exception <a 'java/lang/NoSuchMethodError'{0x000000061ed7dcf8}: 'java.lang.Object java.lang.invoke.DirectMethodHandle$Holder.newInvokeSpecial(java.lang.Object, java.lang.Object, int, int, int, int, int, java.lang.Object)'> (0x000000061ed7dcf8) 
thrown [t:\workspace\open\src\hotspot\share\interpreter\linkResolver.cpp, line 766]
Event: 41.972 Thread 0x000002bb7d3bb7f0 Exception <a 'java/lang/NoSuchMethodError'{0x000000061ed90cd8}: 'java.lang.Object java.lang.invoke.DirectMethodHandle$Holder.newInvokeSpecial(java.lang.Object, java.lang.Object, java.lang.Object, int, int, int, int, int)'> (0x000000061ed90cd8) 
thrown [t:\workspace\open\src\hotspot\share\interpreter\linkResolver.cpp, line 766]
Event: 41.972 Thread 0x000002bb7d3bb7f0 Exception <a 'java/lang/NoSuchMethodError'{0x000000061ed98538}: 'java.lang.Object java.lang.invoke.Invokers$Holder.linkToTargetMethod(java.lang.Object, java.lang.Object, int, int, int, int, int, java.lang.Object)'> (0x000000061ed98538) 
thrown [t:\workspace\open\src\hotspot\share\interpreter\linkResolver.cpp, line 766]

VM Operations (20 events):
Event: 129.939 Executing VM operation: Cleanup
Event: 129.939 Executing VM operation: Cleanup done
Event: 132.940 Executing VM operation: Cleanup
Event: 132.940 Executing VM operation: Cleanup done
Event: 133.940 Executing VM operation: Cleanup
Event: 133.940 Executing VM operation: Cleanup done
Event: 134.941 Executing VM operation: Cleanup
Event: 134.941 Executing VM operation: Cleanup done
Event: 135.941 Executing VM operation: Cleanup
Event: 135.941 Executing VM operation: Cleanup done
Event: 143.943 Executing VM operation: Cleanup
Event: 143.943 Executing VM operation: Cleanup done
Event: 146.943 Executing VM operation: Cleanup
Event: 146.943 Executing VM operation: Cleanup done
Event: 149.945 Executing VM operation: Cleanup
Event: 149.945 Executing VM operation: Cleanup done
Event: 150.945 Executing VM operation: Cleanup
Event: 150.945 Executing VM operation: Cleanup done
Event: 151.945 Executing VM operation: Cleanup
Event: 151.945 Executing VM operation: Cleanup done

Events (20 events):
Event: 133.188 Thread 0x000002bb7dce90b0 Thread added: 0x000002bb7dce90b0
Event: 133.188 Thread 0x000002bb7dce90b0 Thread exited: 0x000002bb7dce90b0
Event: 133.188 Thread 0x000002bb7dce6f00 Thread added: 0x000002bb7dce6f00
Event: 133.188 Thread 0x000002bb7dce6f00 Thread exited: 0x000002bb7dce6f00
Event: 137.185 Thread 0x000002bb7dce6f00 Thread added: 0x000002bb7dce6f00
Event: 137.186 Thread 0x000002bb7dce6f00 Thread exited: 0x000002bb7dce6f00
Event: 137.186 Thread 0x000002bb7dce8240 Thread added: 0x000002bb7dce8240
Event: 137.186 Thread 0x000002bb7dce8240 Thread exited: 0x000002bb7dce8240
Event: 141.107 Thread 0x000002bb7dce90b0 Thread added: 0x000002bb7dce90b0
Event: 141.107 Thread 0x000002bb7dce90b0 Thread exited: 0x000002bb7dce90b0
Event: 141.107 Thread 0x000002bb7dce90b0 Thread added: 0x000002bb7dce90b0
Event: 141.107 Thread 0x000002bb7dce90b0 Thread exited: 0x000002bb7dce90b0
Event: 145.266 Thread 0x000002bb7dce8240 Thread added: 0x000002bb7dce8240
Event: 145.266 Thread 0x000002bb7dce8240 Thread exited: 0x000002bb7dce8240
Event: 145.266 Thread 0x000002bb7dce6560 Thread added: 0x000002bb7dce6560
Event: 145.266 Thread 0x000002bb7dce6560 Thread exited: 0x000002bb7dce6560
Event: 149.350 Thread 0x000002bb7dce6560 Thread added: 0x000002bb7dce6560
Event: 149.350 Thread 0x000002bb7dce6560 Thread exited: 0x000002bb7dce6560
Event: 149.350 Thread 0x000002bb7dce6a30 Thread added: 0x000002bb7dce6a30
Event: 149.350 Thread 0x000002bb7dce6a30 Thread exited: 0x000002bb7dce6a30


Dynamic libraries:
0x00007ff67c4b0000 - 0x00007ff67c4be000 	C:\Users\kirol\.jdks\openjdk-17.0.1\bin\java.exe
0x00007ffa26e10000 - 0x00007ffa27005000 	C:\Windows\SYSTEM32\ntdll.dll
0x00007ffa26460000 - 0x00007ffa2651e000 	C:\Windows\System32\KERNEL32.DLL
0x00007ffa24a90000 - 0x00007ffa24d58000 	C:\Windows\System32\KERNELBASE.dll
0x00007ffa24530000 - 0x00007ffa24630000 	C:\Windows\System32\ucrtbase.dll
0x00007ffa21670000 - 0x00007ffa21688000 	C:\Users\kirol\.jdks\openjdk-17.0.1\bin\jli.dll
0x00007ffa21650000 - 0x00007ffa2166a000 	C:\Users\kirol\.jdks\openjdk-17.0.1\bin\VCRUNTIME140.dll
0x00007ffa26810000 - 0x00007ffa269b1000 	C:\Windows\System32\USER32.dll
0x00007ffa11840000 - 0x00007ffa11ada000 	C:\Windows\WinSxS\amd64_microsoft.windows.common-controls_6595b64144ccf1df_6.0.19041.1110_none_60b5254171f9507e\COMCTL32.dll
0x00007ffa247f0000 - 0x00007ffa24812000 	C:\Windows\System32\win32u.dll
0x00007ffa258e0000 - 0x00007ffa2590b000 	C:\Windows\System32\GDI32.dll
0x00007ffa26d30000 - 0x00007ffa26dce000 	C:\Windows\System32\msvcrt.dll
0x00007ffa24980000 - 0x00007ffa24a8b000 	C:\Windows\System32\gdi32full.dll
0x00007ffa24820000 - 0x00007ffa248bd000 	C:\Windows\System32\msvcp_win.dll
0x00007ffa259b0000 - 0x00007ffa259e0000 	C:\Windows\System32\IMM32.DLL
0x00007ffa1f270000 - 0x00007ffa1f27c000 	C:\Users\kirol\.jdks\openjdk-17.0.1\bin\vcruntime140_1.dll
0x00007ffa10640000 - 0x00007ffa106cd000 	C:\Users\kirol\.jdks\openjdk-17.0.1\bin\msvcp140.dll
0x00007ff9c27d0000 - 0x00007ff9c338e000 	C:\Users\kirol\.jdks\openjdk-17.0.1\bin\server\jvm.dll
0x00007ffa26640000 - 0x00007ffa266ec000 	C:\Windows\System32\ADVAPI32.dll
0x00007ffa25910000 - 0x00007ffa259ab000 	C:\Windows\System32\sechost.dll
0x00007ffa24fa0000 - 0x00007ffa250ca000 	C:\Windows\System32\RPCRT4.dll
0x00007ffa269c0000 - 0x00007ffa269c8000 	C:\Windows\System32\PSAPI.DLL
0x00007ffa11600000 - 0x00007ffa11609000 	C:\Windows\SYSTEM32\WSOCK32.dll
0x00007ffa1dd10000 - 0x00007ffa1dd1a000 	C:\Windows\SYSTEM32\VERSION.dll
0x00007ffa263f0000 - 0x00007ffa2645b000 	C:\Windows\System32\WS2_32.dll
0x00007ffa1a7b0000 - 0x00007ffa1a7d7000 	C:\Windows\SYSTEM32\WINMM.dll
0x00007ffa22410000 - 0x00007ffa22422000 	C:\Windows\SYSTEM32\kernel.appcore.dll
0x00007ffa1f260000 - 0x00007ffa1f26a000 	C:\Users\kirol\.jdks\openjdk-17.0.1\bin\jimage.dll
0x00007ffa1d470000 - 0x00007ffa1d654000 	C:\Windows\SYSTEM32\DBGHELP.DLL
0x00007ffa13e30000 - 0x00007ffa13e5c000 	C:\Windows\SYSTEM32\dbgcore.DLL
0x00007ffa248c0000 - 0x00007ffa24943000 	C:\Windows\System32\bcryptPrimitives.dll
0x00007ffa1f250000 - 0x00007ffa1f25e000 	C:\Users\kirol\.jdks\openjdk-17.0.1\bin\instrument.dll
0x00007ffa1d1b0000 - 0x00007ffa1d1d5000 	C:\Users\kirol\.jdks\openjdk-17.0.1\bin\java.dll
0x00007ffa10560000 - 0x00007ffa10636000 	C:\Users\kirol\.jdks\openjdk-17.0.1\bin\svml.dll
0x00007ffa251a0000 - 0x00007ffa258df000 	C:\Windows\System32\SHELL32.dll
0x00007ffa22610000 - 0x00007ffa22da0000 	C:\Windows\SYSTEM32\windows.storage.dll
0x00007ffa269d0000 - 0x00007ffa26d25000 	C:\Windows\System32\combase.dll
0x00007ffa23ea0000 - 0x00007ffa23ece000 	C:\Windows\SYSTEM32\Wldp.dll
0x00007ffa25d80000 - 0x00007ffa25e2d000 	C:\Windows\System32\SHCORE.dll
0x00007ffa259e0000 - 0x00007ffa25a35000 	C:\Windows\System32\shlwapi.dll
0x00007ffa24470000 - 0x00007ffa2448f000 	C:\Windows\SYSTEM32\profapi.dll
0x00007ffa1d170000 - 0x00007ffa1d189000 	C:\Users\kirol\.jdks\openjdk-17.0.1\bin\net.dll
0x00007ffa1a6a0000 - 0x00007ffa1a7ac000 	C:\Windows\SYSTEM32\WINHTTP.dll
0x00007ffa23c80000 - 0x00007ffa23cea000 	C:\Windows\system32\mswsock.dll
0x00007ffa1d150000 - 0x00007ffa1d165000 	C:\Users\kirol\.jdks\openjdk-17.0.1\bin\nio.dll
0x00007ffa1d130000 - 0x00007ffa1d148000 	C:\Users\kirol\.jdks\openjdk-17.0.1\bin\zip.dll
0x00007ffa00650000 - 0x00007ffa0066a000 	C:\Program Files\JetBrains\IntelliJ IDEA Community Edition 2021.2.3\bin\breakgen64.dll
0x000002bb7bf90000 - 0x000002bb7bf93000 	C:\Users\kirol\.openjfx\cache\17.0.0.1\api-ms-win-core-console-l1-1-0.dll
0x000002bb7bfa0000 - 0x000002bb7bfa3000 	C:\Users\kirol\.openjfx\cache\17.0.0.1\api-ms-win-core-console-l1-2-0.dll
0x000002bb7bfb0000 - 0x000002bb7bfb3000 	C:\Users\kirol\.openjfx\cache\17.0.0.1\api-ms-win-core-datetime-l1-1-0.dll
0x000002bb7bfc0000 - 0x000002bb7bfc3000 	C:\Users\kirol\.openjfx\cache\17.0.0.1\api-ms-win-core-debug-l1-1-0.dll
0x000002bb7bfd0000 - 0x000002bb7bfd3000 	C:\Users\kirol\.openjfx\cache\17.0.0.1\api-ms-win-core-errorhandling-l1-1-0.dll
0x000002bb7bfe0000 - 0x000002bb7bfe4000 	C:\Users\kirol\.openjfx\cache\17.0.0.1\api-ms-win-core-file-l1-1-0.dll
0x000002bb7bff0000 - 0x000002bb7bff3000 	C:\Users\kirol\.openjfx\cache\17.0.0.1\api-ms-win-core-file-l1-2-0.dll
0x000002bb7d400000 - 0x000002bb7d403000 	C:\Users\kirol\.openjfx\cache\17.0.0.1\api-ms-win-core-file-l2-1-0.dll
0x000002bb7d410000 - 0x000002bb7d413000 	C:\Users\kirol\.openjfx\cache\17.0.0.1\api-ms-win-core-handle-l1-1-0.dll
0x000002bb7d420000 - 0x000002bb7d423000 	C:\Users\kirol\.openjfx\cache\17.0.0.1\api-ms-win-core-heap-l1-1-0.dll
0x000002bb7d430000 - 0x000002bb7d433000 	C:\Users\kirol\.openjfx\cache\17.0.0.1\api-ms-win-core-interlocked-l1-1-0.dll
0x000002bb7d440000 - 0x000002bb7d443000 	C:\Users\kirol\.openjfx\cache\17.0.0.1\api-ms-win-core-libraryloader-l1-1-0.dll
0x000002bb7d450000 - 0x000002bb7d453000 	C:\Users\kirol\.openjfx\cache\17.0.0.1\api-ms-win-core-localization-l1-2-0.dll
0x000002bb7d460000 - 0x000002bb7d463000 	C:\Users\kirol\.openjfx\cache\17.0.0.1\api-ms-win-core-memory-l1-1-0.dll
0x000002bb7d470000 - 0x000002bb7d473000 	C:\Users\kirol\.openjfx\cache\17.0.0.1\api-ms-win-core-namedpipe-l1-1-0.dll
0x000002bb7d480000 - 0x000002bb7d483000 	C:\Users\kirol\.openjfx\cache\17.0.0.1\api-ms-win-core-processenvironment-l1-1-0.dll
0x000002bb7d490000 - 0x000002bb7d493000 	C:\Users\kirol\.openjfx\cache\17.0.0.1\api-ms-win-core-processthreads-l1-1-0.dll
0x000002bb7d4a0000 - 0x000002bb7d4a3000 	C:\Users\kirol\.openjfx\cache\17.0.0.1\api-ms-win-core-processthreads-l1-1-1.dll
0x000002bb7d4b0000 - 0x000002bb7d4b3000 	C:\Users\kirol\.openjfx\cache\17.0.0.1\api-ms-win-core-profile-l1-1-0.dll
0x000002bb7d4c0000 - 0x000002bb7d4c3000 	C:\Users\kirol\.openjfx\cache\17.0.0.1\api-ms-win-core-rtlsupport-l1-1-0.dll
0x000002bb7d4d0000 - 0x000002bb7d4d3000 	C:\Users\kirol\.openjfx\cache\17.0.0.1\api-ms-win-core-string-l1-1-0.dll
0x000002bb7d4e0000 - 0x000002bb7d4e3000 	C:\Users\kirol\.openjfx\cache\17.0.0.1\api-ms-win-core-synch-l1-1-0.dll
0x000002bb7d4f0000 - 0x000002bb7d4f3000 	C:\Users\kirol\.openjfx\cache\17.0.0.1\api-ms-win-core-synch-l1-2-0.dll
0x000002bb7d500000 - 0x000002bb7d503000 	C:\Users\kirol\.openjfx\cache\17.0.0.1\api-ms-win-core-sysinfo-l1-1-0.dll
0x000002bb7d510000 - 0x000002bb7d513000 	C:\Users\kirol\.openjfx\cache\17.0.0.1\api-ms-win-core-timezone-l1-1-0.dll
0x000002bb7d520000 - 0x000002bb7d523000 	C:\Users\kirol\.openjfx\cache\17.0.0.1\api-ms-win-core-util-l1-1-0.dll
0x000002bb7d530000 - 0x000002bb7d533000 	C:\Users\kirol\.openjfx\cache\17.0.0.1\api-ms-win-crt-conio-l1-1-0.dll
0x000002bb7d540000 - 0x000002bb7d544000 	C:\Users\kirol\.openjfx\cache\17.0.0.1\api-ms-win-crt-convert-l1-1-0.dll
0x000002bb7d550000 - 0x000002bb7d553000 	C:\Users\kirol\.openjfx\cache\17.0.0.1\api-ms-win-crt-environment-l1-1-0.dll
0x000002bb7d560000 - 0x000002bb7d563000 	C:\Users\kirol\.openjfx\cache\17.0.0.1\api-ms-win-crt-filesystem-l1-1-0.dll
0x000002bb7d570000 - 0x000002bb7d573000 	C:\Users\kirol\.openjfx\cache\17.0.0.1\api-ms-win-crt-heap-l1-1-0.dll
0x000002bb7d580000 - 0x000002bb7d583000 	C:\Users\kirol\.openjfx\cache\17.0.0.1\api-ms-win-crt-locale-l1-1-0.dll
0x000002bb7d590000 - 0x000002bb7d595000 	C:\Users\kirol\.openjfx\cache\17.0.0.1\api-ms-win-crt-math-l1-1-0.dll
0x000002bb7d5a0000 - 0x000002bb7d5a5000 	C:\Users\kirol\.openjfx\cache\17.0.0.1\api-ms-win-crt-multibyte-l1-1-0.dll
0x000002bb7d5b0000 - 0x000002bb7d5c0000 	C:\Users\kirol\.openjfx\cache\17.0.0.1\api-ms-win-crt-private-l1-1-0.dll
0x000002bb7d5c0000 - 0x000002bb7d5c3000 	C:\Users\kirol\.openjfx\cache\17.0.0.1\api-ms-win-crt-process-l1-1-0.dll
0x000002bb7d5d0000 - 0x000002bb7d5d4000 	C:\Users\kirol\.openjfx\cache\17.0.0.1\api-ms-win-crt-runtime-l1-1-0.dll
0x000002bb7d5e0000 - 0x000002bb7d5e4000 	C:\Users\kirol\.openjfx\cache\17.0.0.1\api-ms-win-crt-stdio-l1-1-0.dll
0x000002bb7d5f0000 - 0x000002bb7d5f4000 	C:\Users\kirol\.openjfx\cache\17.0.0.1\api-ms-win-crt-string-l1-1-0.dll
0x000002bb7d600000 - 0x000002bb7d603000 	C:\Users\kirol\.openjfx\cache\17.0.0.1\api-ms-win-crt-time-l1-1-0.dll
0x000002bb7d610000 - 0x000002bb7d613000 	C:\Users\kirol\.openjfx\cache\17.0.0.1\api-ms-win-crt-utility-l1-1-0.dll
0x00007ff9bfa60000 - 0x00007ff9bfb5c000 	C:\Users\kirol\.openjfx\cache\17.0.0.1\ucrtbase.dll
0x00007ff9fc080000 - 0x00007ff9fc09a000 	C:\Users\kirol\.openjfx\cache\17.0.0.1\vcruntime140.dll
0x00007ffa17c10000 - 0x00007ffa17c1c000 	C:\Users\kirol\.openjfx\cache\17.0.0.1\vcruntime140_1.dll
0x00007ff9f6d90000 - 0x00007ff9f6e1d000 	C:\Users\kirol\.openjfx\cache\17.0.0.1\msvcp140.dll
0x00007ff9fc050000 - 0x00007ff9fc07a000 	C:\Users\kirol\.openjfx\cache\17.0.0.1\prism_d3d.dll
0x00007ffa17590000 - 0x00007ffa1775e000 	C:\Windows\system32\d3d9.dll
0x00007ffa22230000 - 0x00007ffa2225f000 	C:\Windows\SYSTEM32\dwmapi.dll
0x00007ffa21e90000 - 0x00007ffa21f2e000 	C:\Windows\system32\uxtheme.dll
0x00007ffa1a7e0000 - 0x00007ffa1a9bb000 	C:\Windows\System32\DriverStore\FileRepository\u0368456.inf_amd64_fc65705fd5034968\B367348\aticfx64.dll
0x00007ff9ed090000 - 0x00007ff9ed0c3000 	C:\Windows\System32\DriverStore\FileRepository\u0368456.inf_amd64_fc65705fd5034968\B367348\atiu9p64.dll
0x00007ff9cd740000 - 0x00007ff9ce49a000 	C:\Windows\System32\DriverStore\FileRepository\u0368456.inf_amd64_fc65705fd5034968\B367348\atiumd64.dll
0x00007ffa25c50000 - 0x00007ffa25d7a000 	C:\Windows\System32\ole32.dll
0x00000000532b0000 - 0x000000005417b000 	C:\Windows\System32\DriverStore\FileRepository\u0368456.inf_amd64_fc65705fd5034968\B367348\atiumd6a.dll
0x00007ffa23ab0000 - 0x00007ffa23afb000 	C:\Windows\SYSTEM32\POWRPROF.dll
0x00007ffa23920000 - 0x00007ffa23932000 	C:\Windows\SYSTEM32\UMPDC.dll
0x00007ffa18240000 - 0x00007ffa18270000 	C:\Windows\SYSTEM32\amdihk64.dll
0x00007ff9fbf80000 - 0x00007ff9fbfc2000 	C:\Users\kirol\.openjfx\cache\17.0.0.1\glass.dll
0x00007ffa25e30000 - 0x00007ffa25f0a000 	C:\Windows\System32\COMDLG32.dll
0x00007ffa250d0000 - 0x00007ffa2519d000 	C:\Windows\System32\OLEAUT32.dll
0x00007ffa266f0000 - 0x00007ffa26805000 	C:\Windows\System32\MSCTF.dll
0x00007ffa1a9c0000 - 0x00007ffa1a9fb000 	C:\Windows\SYSTEM32\dxcore.dll
0x00007ffa24e10000 - 0x00007ffa24e5e000 	C:\Windows\System32\cfgmgr32.dll
0x00007ff9fc030000 - 0x00007ff9fc044000 	C:\Users\kirol\.openjfx\cache\17.0.0.1\javafx_font.dll
0x00007ffa06660000 - 0x00007ffa068e3000 	C:\Windows\SYSTEM32\dwrite.dll
0x00007ffa24e60000 - 0x00007ffa24f09000 	C:\Windows\System32\clbcatq.dll
0x00007ffa1cbf0000 - 0x00007ffa1cda4000 	C:\Windows\SYSTEM32\WindowsCodecs.dll
0x00007ffa24950000 - 0x00007ffa24977000 	C:\Windows\System32\bcrypt.dll
0x00007ffa17550000 - 0x00007ffa1758e000 	C:\Windows\system32\dataexchange.dll
0x00007ffa205a0000 - 0x00007ffa20804000 	C:\Windows\system32\d3d11.dll
0x00007ffa21060000 - 0x00007ffa21245000 	C:\Windows\system32\dcomp.dll
0x00007ffa22de0000 - 0x00007ffa22ed4000 	C:\Windows\system32\dxgi.dll
0x00007ffa1ce40000 - 0x00007ffa1d041000 	C:\Windows\system32\twinapi.appcore.dll
0x00007ff9fbee0000 - 0x00007ff9fbf14000 	C:\Program Files\Common Files\Microsoft Shared\Ink\rtscom.dll
0x00007ffa10c60000 - 0x00007ffa10d59000 	C:\Windows\SYSTEM32\textinputframework.dll
0x00007ffa21760000 - 0x00007ffa21abe000 	C:\Windows\System32\CoreUIComponents.dll
0x00007ffa21ac0000 - 0x00007ffa21bb2000 	C:\Windows\System32\CoreMessaging.dll
0x00007ffa231e0000 - 0x00007ffa23213000 	C:\Windows\SYSTEM32\ntmarta.dll
0x00007ffa20ec0000 - 0x00007ffa21014000 	C:\Windows\SYSTEM32\wintypes.dll
0x00007ffa0ced0000 - 0x00007ffa0cf36000 	C:\Windows\system32\Oleacc.dll
0x00007ffa20810000 - 0x00007ffa20dd0000 	C:\Windows\SYSTEM32\d2d1.dll

dbghelp: loaded successfully - version: 4.0.5 - missing functions: none
symbol engine: initialized successfully - sym options: 0x614 - pdb path: .;C:\Users\kirol\.jdks\openjdk-17.0.1\bin;C:\Windows\SYSTEM32;C:\Windows\WinSxS\amd64_microsoft.windows.common-controls_6595b64144ccf1df_6.0.19041.1110_none_60b5254171f9507e;C:\Users\kirol\.jdks\openjdk-17.0.1\bin\server;C:\Program Files\JetBrains\IntelliJ IDEA Community Edition 2021.2.3\bin;C:\Users\kirol\.openjfx\cache\17.0.0.1;C:\Windows\System32\DriverStore\FileRepository\u0368456.inf_amd64_fc65705fd5034968\B367348;C:\Program Files\Common Files\Microsoft Shared\Ink;C:\Users\kirol\AppData\Local\Discord\app-1.0.9003\modules\discord_hook-1\discord_hook\2b6f62ed4f4

VM Arguments:
jvm_args: -javaagent:C:\Program Files\JetBrains\IntelliJ IDEA Community Edition 2021.2.3\lib\idea_rt.jar=49436:C:\Program Files\JetBrains\IntelliJ IDEA Community Edition 2021.2.3\bin -Dfile.encoding=UTF-8 --module-path=C:\Users\kirol\SnakeBytes\target\classes;C:\Users\kirol\.m2\repository\org\jetbrains\annotations\22.0.0\annotations-22.0.0.jar;C:\Users\kirol\.m2\repository\com\googlecode\json-simple\json-simple\1.1.1\json-simple-1.1.1.jar;C:\Users\kirol\.m2\repository\org\openjfx\javafx-controls\17.0.0.1\javafx-controls-17.0.0.1-win.jar;C:\Users\kirol\.m2\repository\org\openjfx\javafx-fxml\17.0.0.1\javafx-fxml-17.0.0.1-win.jar;C:\Users\kirol\.m2\repository\org\openjfx\javafx-media\17.0.0.1\javafx-media-17.0.0.1-win.jar;C:\Users\kirol\.m2\repository\org\openjfx\javafx-graphics\17.0.0.1\javafx-graphics-17.0.0.1-win.jar;C:\Users\kirol\.m2\repository\org\controlsfx\controlsfx\11.1.0\controlsfx-11.1.0.jar;C:\Users\kirol\.m2\repository\org\openjfx\javafx-base\17.0.0.1\javafx-base-17.0.0.1-win.jar -Djdk.module.main=de.dhbwmannheim.snakebytes 
java_command: de.dhbwmannheim.snakebytes/de.dhbwmannheim.snakebytes.GUI.Menus
java_class_path (initial): C:\Users\kirol\.m2\repository\org\openjfx\javafx-controls\17.0.0.1\javafx-controls-17.0.0.1.jar;C:\Users\kirol\.m2\repository\org\openjfx\javafx-graphics\17.0.0.1\javafx-graphics-17.0.0.1.jar;C:\Users\kirol\.m2\repository\org\openjfx\javafx-base\17.0.0.1\javafx-base-17.0.0.1.jar;C:\Users\kirol\.m2\repository\org\openjfx\javafx-fxml\17.0.0.1\javafx-fxml-17.0.0.1.jar;C:\Users\kirol\.m2\repository\org\openjfx\javafx-media\17.0.0.1\javafx-media-17.0.0.1.jar;C:\Users\kirol\.m2\repository\junit\junit\4.10\junit-4.10.jar;C:\Users\kirol\.m2\repository\org\hamcrest\hamcrest-core\1.1\hamcrest-core-1.1.jar
Launcher Type: SUN_STANDARD

[Global flags]
     intx CICompilerCount                          = 4                                         {product} {ergonomic}
     uint ConcGCThreads                            = 3                                         {product} {ergonomic}
     uint G1ConcRefinementThreads                  = 10                                        {product} {ergonomic}
   size_t G1HeapRegionSize                         = 4194304                                   {product} {ergonomic}
    uintx GCDrainStackTargetSize                   = 64                                        {product} {ergonomic}
   size_t InitialHeapSize                          = 536870912                                 {product} {ergonomic}
   size_t MarkStackSize                            = 4194304                                   {product} {ergonomic}
   size_t MaxHeapSize                              = 8573157376                                {product} {ergonomic}
   size_t MaxNewSize                               = 5142216704                                {product} {ergonomic}
   size_t MinHeapDeltaBytes                        = 4194304                                   {product} {ergonomic}
   size_t MinHeapSize                              = 8388608                                   {product} {ergonomic}
    uintx NonNMethodCodeHeapSize                   = 5839372                                {pd product} {ergonomic}
    uintx NonProfiledCodeHeapSize                  = 122909434                              {pd product} {ergonomic}
    uintx ProfiledCodeHeapSize                     = 122909434                              {pd product} {ergonomic}
    uintx ReservedCodeCacheSize                    = 251658240                              {pd product} {ergonomic}
     bool SegmentedCodeCache                       = true                                      {product} {ergonomic}
   size_t SoftMaxHeapSize                          = 8573157376                             {manageable} {ergonomic}
     bool UseCompressedClassPointers               = true                           {product lp64_product} {ergonomic}
     bool UseCompressedOops                        = true                           {product lp64_product} {ergonomic}
     bool UseG1GC                                  = true                                      {product} {ergonomic}
     bool UseLargePagesIndividualAllocation        = false                                  {pd product} {ergonomic}

Logging:
Log output configuration:
 #0: stdout all=warning uptime,level,tags
 #1: stderr all=off uptime,level,tags

Environment Variables:
PATH=C:\Program Files (x86)\Common Files\Oracle\Java\javapath;C:\Windows\system32;C:\Windows;C:\Windows\System32\Wbem;C:\Windows\System32\WindowsPowerShell\v1.0\;C:\Windows\System32\OpenSSH\;C:\Program Files\Git\cmd;C:\Users\kirol\AppData\Local\Microsoft\WindowsApps;C:\Gradle\gradle-7.1.1\bin;
USERNAME=kirol
OS=Windows_NT
PROCESSOR_IDENTIFIER=AMD64 Family 23 Model 113 Stepping 0, AuthenticAMD



---------------  S Y S T E M  ---------------

OS:
 Windows 10 , 64 bit Build 19041 (10.0.19041.1348)
OS uptime: 11 days 1:35 hours
Hyper-V role detected

CPU: total 12 (initial active 12) (12 cores per cpu, 2 threads per core) family 23 model 113 stepping 0 microcode 0x0, cx8, cmov, fxsr, ht, mmx, 3dnowpref, sse, sse2, sse3, ssse3, sse4a, sse4.1, sse4.2, popcnt, lzcnt, tsc, tscinvbit, avx, avx2, aes, clmul, bmi1, bmi2, adx, sha, fma, vzeroupper, clflush, clflushopt, hv

Memory: 4k page, system-wide physical 32694M (17646M free)
TotalPageFile size 37558M (AvailPageFile size 17138M)
current process WorkingSet (physical memory assigned to process): 187M, peak: 190M
current process commit charge ("private bytes"): 786M, peak: 794M

vm_info: OpenJDK 64-Bit Server VM (17.0.1+12-39) for windows-amd64 JRE (17.0.1+12-39), built on Sep 27 2021 18:39:29 by "mach5one" with MS VC++ 16.8 (VS2019)

END.
